2018-04-11 11:00:36.542 [main] INFO  o.a.k.c.producer.ProducerConfig - ProducerConfig values: 
	metric.reporters = []
	metadata.max.age.ms = 300000
	reconnect.backoff.ms = 50
	sasl.kerberos.ticket.renew.window.factor = 0.8
	bootstrap.servers = [kafka.server.com:9092]
	ssl.keystore.type = JKS
	sasl.mechanism = GSSAPI
	max.block.ms = 60000
	interceptor.classes = null
	ssl.truststore.password = null
	client.id = 
	ssl.endpoint.identification.algorithm = null
	request.timeout.ms = 30000
	acks = all
	receive.buffer.bytes = 32768
	ssl.truststore.type = JKS
	retries = 0
	ssl.truststore.location = null
	ssl.keystore.password = null
	send.buffer.bytes = 131072
	compression.type = none
	metadata.fetch.timeout.ms = 60000
	retry.backoff.ms = 100
	sasl.kerberos.kinit.cmd = /usr/bin/kinit
	buffer.memory = 33554432
	timeout.ms = 30000
	key.serializer = class org.apache.kafka.common.serialization.StringSerializer
	sasl.kerberos.service.name = null
	sasl.kerberos.ticket.renew.jitter = 0.05
	ssl.trustmanager.algorithm = PKIX
	block.on.buffer.full = false
	ssl.key.password = null
	sasl.kerberos.min.time.before.relogin = 60000
	connections.max.idle.ms = 540000
	max.in.flight.requests.per.connection = 5
	metrics.num.samples = 2
	ssl.protocol = TLS
	ssl.provider = null
	ssl.enabled.protocols = [TLSv1.2, TLSv1.1, TLSv1]
	batch.size = 16384
	ssl.keystore.location = null
	ssl.cipher.suites = null
	security.protocol = PLAINTEXT
	max.request.size = 1048576
	value.serializer = class org.apache.kafka.common.serialization.StringSerializer
	ssl.keymanager.algorithm = SunX509
	metrics.sample.window.ms = 30000
	partitioner.class = class org.apache.kafka.clients.producer.internals.DefaultPartitioner
	linger.ms = 1

2018-04-11 11:00:36.562 [main] DEBUG o.a.kafka.common.metrics.Metrics - Added sensor with name bufferpool-wait-time
2018-04-11 11:00:36.565 [main] DEBUG o.a.kafka.common.metrics.Metrics - Added sensor with name buffer-exhausted-records
2018-04-11 11:00:36.565 [main] DEBUG org.apache.kafka.clients.Metadata - Updated cluster metadata version 1 to Cluster(nodes = [kafka.server.com:9092 (id: -1 rack: null)], partitions = [])
2018-04-11 11:00:36.566 [main] DEBUG o.a.kafka.common.metrics.Metrics - Added sensor with name connections-closed:
2018-04-11 11:00:36.566 [main] DEBUG o.a.kafka.common.metrics.Metrics - Added sensor with name connections-created:
2018-04-11 11:00:36.567 [main] DEBUG o.a.kafka.common.metrics.Metrics - Added sensor with name bytes-sent-received:
2018-04-11 11:00:36.567 [main] DEBUG o.a.kafka.common.metrics.Metrics - Added sensor with name bytes-sent:
2018-04-11 11:00:36.569 [main] DEBUG o.a.kafka.common.metrics.Metrics - Added sensor with name bytes-received:
2018-04-11 11:00:36.570 [main] DEBUG o.a.kafka.common.metrics.Metrics - Added sensor with name select-time:
2018-04-11 11:00:36.573 [main] DEBUG o.a.kafka.common.metrics.Metrics - Added sensor with name io-time:
2018-04-11 11:00:36.576 [main] DEBUG o.a.kafka.common.metrics.Metrics - Added sensor with name batch-size
2018-04-11 11:00:36.576 [main] DEBUG o.a.kafka.common.metrics.Metrics - Added sensor with name compression-rate
2018-04-11 11:00:36.577 [main] DEBUG o.a.kafka.common.metrics.Metrics - Added sensor with name queue-time
2018-04-11 11:00:36.577 [main] DEBUG o.a.kafka.common.metrics.Metrics - Added sensor with name request-time
2018-04-11 11:00:36.578 [main] DEBUG o.a.kafka.common.metrics.Metrics - Added sensor with name produce-throttle-time
2018-04-11 11:00:36.578 [main] DEBUG o.a.kafka.common.metrics.Metrics - Added sensor with name records-per-request
2018-04-11 11:00:36.579 [main] DEBUG o.a.kafka.common.metrics.Metrics - Added sensor with name record-retries
2018-04-11 11:00:36.579 [main] DEBUG o.a.kafka.common.metrics.Metrics - Added sensor with name errors
2018-04-11 11:00:36.580 [main] DEBUG o.a.kafka.common.metrics.Metrics - Added sensor with name record-size-max
2018-04-11 11:00:36.581 [kafka-producer-network-thread | producer-2] DEBUG o.a.k.c.producer.internals.Sender - Starting Kafka producer I/O thread.
2018-04-11 11:00:36.581 [main] INFO  o.a.k.c.producer.ProducerConfig - ProducerConfig values: 
	metric.reporters = []
	metadata.max.age.ms = 300000
	reconnect.backoff.ms = 50
	sasl.kerberos.ticket.renew.window.factor = 0.8
	bootstrap.servers = [kafka.server.com:9092]
	ssl.keystore.type = JKS
	sasl.mechanism = GSSAPI
	max.block.ms = 60000
	interceptor.classes = null
	ssl.truststore.password = null
	client.id = producer-2
	ssl.endpoint.identification.algorithm = null
	request.timeout.ms = 30000
	acks = all
	receive.buffer.bytes = 32768
	ssl.truststore.type = JKS
	retries = 0
	ssl.truststore.location = null
	ssl.keystore.password = null
	send.buffer.bytes = 131072
	compression.type = none
	metadata.fetch.timeout.ms = 60000
	retry.backoff.ms = 100
	sasl.kerberos.kinit.cmd = /usr/bin/kinit
	buffer.memory = 33554432
	timeout.ms = 30000
	key.serializer = class org.apache.kafka.common.serialization.StringSerializer
	sasl.kerberos.service.name = null
	sasl.kerberos.ticket.renew.jitter = 0.05
	ssl.trustmanager.algorithm = PKIX
	block.on.buffer.full = false
	ssl.key.password = null
	sasl.kerberos.min.time.before.relogin = 60000
	connections.max.idle.ms = 540000
	max.in.flight.requests.per.connection = 5
	metrics.num.samples = 2
	ssl.protocol = TLS
	ssl.provider = null
	ssl.enabled.protocols = [TLSv1.2, TLSv1.1, TLSv1]
	batch.size = 16384
	ssl.keystore.location = null
	ssl.cipher.suites = null
	security.protocol = PLAINTEXT
	max.request.size = 1048576
	value.serializer = class org.apache.kafka.common.serialization.StringSerializer
	ssl.keymanager.algorithm = SunX509
	metrics.sample.window.ms = 30000
	partitioner.class = class org.apache.kafka.clients.producer.internals.DefaultPartitioner
	linger.ms = 1

2018-04-11 11:00:36.581 [main] INFO  o.a.kafka.common.utils.AppInfoParser - Kafka version : 0.10.0.0
2018-04-11 11:00:36.581 [main] INFO  o.a.kafka.common.utils.AppInfoParser - Kafka commitId : b8642491e78c5a13
2018-04-11 11:00:36.582 [main] DEBUG o.a.k.clients.producer.KafkaProducer - Kafka producer started
2018-04-11 11:00:36.669 [kafka-producer-network-thread | producer-2] DEBUG o.apache.kafka.clients.NetworkClient - Initialize connection to node -1 for sending metadata request
2018-04-11 11:00:36.670 [kafka-producer-network-thread | producer-2] DEBUG o.apache.kafka.clients.NetworkClient - Initiating connection to node -1 at kafka.server.com:9092.
2018-04-11 11:00:36.742 [kafka-producer-network-thread | producer-2] DEBUG o.a.kafka.common.metrics.Metrics - Added sensor with name node--1.bytes-sent
2018-04-11 11:00:36.743 [kafka-producer-network-thread | producer-2] DEBUG o.a.kafka.common.metrics.Metrics - Added sensor with name node--1.bytes-received
2018-04-11 11:00:36.743 [kafka-producer-network-thread | producer-2] DEBUG o.a.kafka.common.metrics.Metrics - Added sensor with name node--1.latency
2018-04-11 11:00:36.747 [kafka-producer-network-thread | producer-2] DEBUG o.apache.kafka.clients.NetworkClient - Completed connection to node -1
2018-04-11 11:00:36.871 [kafka-producer-network-thread | producer-2] DEBUG o.apache.kafka.clients.NetworkClient - Sending metadata request {topics=[TEST_LOG]} to node -1
2018-04-11 11:00:36.905 [kafka-producer-network-thread | producer-2] DEBUG org.apache.kafka.clients.Metadata - Updated cluster metadata version 2 to Cluster(nodes = [10.0.1.39:9092 (id: 0 rack: null)], partitions = [Partition(topic = TEST_LOG, partition = 0, leader = 0, replicas = [0,], isr = [0,]])
2018-04-11 11:00:36.928 [kafka-producer-network-thread | producer-2] DEBUG o.apache.kafka.clients.NetworkClient - Initiating connection to node 0 at 10.0.1.39:9092.
2018-04-11 11:00:36.930 [kafka-producer-network-thread | producer-2] DEBUG o.a.kafka.common.metrics.Metrics - Added sensor with name node-0.bytes-sent
2018-04-11 11:00:36.931 [kafka-producer-network-thread | producer-2] DEBUG o.a.kafka.common.metrics.Metrics - Added sensor with name node-0.bytes-received
2018-04-11 11:00:36.931 [kafka-producer-network-thread | producer-2] DEBUG o.a.kafka.common.metrics.Metrics - Added sensor with name node-0.latency
2018-04-11 11:00:36.932 [kafka-producer-network-thread | producer-2] DEBUG o.apache.kafka.clients.NetworkClient - Completed connection to node 0
2018-04-11 11:00:36.932 [kafka-producer-network-thread | producer-2] DEBUG o.a.kafka.common.metrics.Metrics - Added sensor with name topic.TEST_LOG.records-per-batch
2018-04-11 11:00:36.933 [kafka-producer-network-thread | producer-2] DEBUG o.a.kafka.common.metrics.Metrics - Added sensor with name topic.TEST_LOG.bytes
2018-04-11 11:00:36.933 [kafka-producer-network-thread | producer-2] DEBUG o.a.kafka.common.metrics.Metrics - Added sensor with name topic.TEST_LOG.compression-rate
2018-04-11 11:00:36.933 [kafka-producer-network-thread | producer-2] DEBUG o.a.kafka.common.metrics.Metrics - Added sensor with name topic.TEST_LOG.record-retries
2018-04-11 11:00:36.934 [kafka-producer-network-thread | producer-2] DEBUG o.a.kafka.common.metrics.Metrics - Added sensor with name topic.TEST_LOG.record-errors
2018-04-11 11:00:58.058 [main] INFO  o.a.k.c.producer.ProducerConfig - ProducerConfig values: 
	metric.reporters = []
	metadata.max.age.ms = 300000
	reconnect.backoff.ms = 50
	sasl.kerberos.ticket.renew.window.factor = 0.8
	bootstrap.servers = [kafka.server.com:9092]
	ssl.keystore.type = JKS
	sasl.mechanism = GSSAPI
	max.block.ms = 60000
	interceptor.classes = null
	ssl.truststore.password = null
	client.id = 
	ssl.endpoint.identification.algorithm = null
	request.timeout.ms = 30000
	acks = all
	receive.buffer.bytes = 32768
	ssl.truststore.type = JKS
	retries = 0
	ssl.truststore.location = null
	ssl.keystore.password = null
	send.buffer.bytes = 131072
	compression.type = none
	metadata.fetch.timeout.ms = 60000
	retry.backoff.ms = 100
	sasl.kerberos.kinit.cmd = /usr/bin/kinit
	buffer.memory = 33554432
	timeout.ms = 30000
	key.serializer = class org.apache.kafka.common.serialization.StringSerializer
	sasl.kerberos.service.name = null
	sasl.kerberos.ticket.renew.jitter = 0.05
	ssl.trustmanager.algorithm = PKIX
	block.on.buffer.full = false
	ssl.key.password = null
	sasl.kerberos.min.time.before.relogin = 60000
	connections.max.idle.ms = 540000
	max.in.flight.requests.per.connection = 5
	metrics.num.samples = 2
	ssl.protocol = TLS
	ssl.provider = null
	ssl.enabled.protocols = [TLSv1.2, TLSv1.1, TLSv1]
	batch.size = 16384
	ssl.keystore.location = null
	ssl.cipher.suites = null
	security.protocol = PLAINTEXT
	max.request.size = 1048576
	value.serializer = class org.apache.kafka.common.serialization.StringSerializer
	ssl.keymanager.algorithm = SunX509
	metrics.sample.window.ms = 30000
	partitioner.class = class org.apache.kafka.clients.producer.internals.DefaultPartitioner
	linger.ms = 1

2018-04-11 11:00:58.062 [main] DEBUG o.a.kafka.common.metrics.Metrics - Added sensor with name bufferpool-wait-time
2018-04-11 11:00:58.065 [main] DEBUG o.a.kafka.common.metrics.Metrics - Added sensor with name buffer-exhausted-records
2018-04-11 11:00:58.067 [main] DEBUG org.apache.kafka.clients.Metadata - Updated cluster metadata version 1 to Cluster(nodes = [kafka.server.com:9092 (id: -1 rack: null)], partitions = [])
2018-04-11 11:00:58.068 [main] DEBUG o.a.kafka.common.metrics.Metrics - Added sensor with name connections-closed:
2018-04-11 11:00:58.069 [main] DEBUG o.a.kafka.common.metrics.Metrics - Added sensor with name connections-created:
2018-04-11 11:00:58.070 [main] DEBUG o.a.kafka.common.metrics.Metrics - Added sensor with name bytes-sent-received:
2018-04-11 11:00:58.070 [main] DEBUG o.a.kafka.common.metrics.Metrics - Added sensor with name bytes-sent:
2018-04-11 11:00:58.070 [main] DEBUG o.a.kafka.common.metrics.Metrics - Added sensor with name bytes-received:
2018-04-11 11:00:58.071 [main] DEBUG o.a.kafka.common.metrics.Metrics - Added sensor with name select-time:
2018-04-11 11:00:58.071 [main] DEBUG o.a.kafka.common.metrics.Metrics - Added sensor with name io-time:
2018-04-11 11:00:58.074 [main] DEBUG o.a.kafka.common.metrics.Metrics - Added sensor with name batch-size
2018-04-11 11:00:58.074 [main] DEBUG o.a.kafka.common.metrics.Metrics - Added sensor with name compression-rate
2018-04-11 11:00:58.075 [main] DEBUG o.a.kafka.common.metrics.Metrics - Added sensor with name queue-time
2018-04-11 11:00:58.075 [main] DEBUG o.a.kafka.common.metrics.Metrics - Added sensor with name request-time
2018-04-11 11:00:58.075 [main] DEBUG o.a.kafka.common.metrics.Metrics - Added sensor with name produce-throttle-time
2018-04-11 11:00:58.076 [main] DEBUG o.a.kafka.common.metrics.Metrics - Added sensor with name records-per-request
2018-04-11 11:00:58.077 [main] DEBUG o.a.kafka.common.metrics.Metrics - Added sensor with name record-retries
2018-04-11 11:00:58.078 [main] DEBUG o.a.kafka.common.metrics.Metrics - Added sensor with name errors
2018-04-11 11:00:58.080 [main] DEBUG o.a.kafka.common.metrics.Metrics - Added sensor with name record-size-max
2018-04-11 11:00:58.082 [kafka-producer-network-thread | producer-2] DEBUG o.a.k.c.producer.internals.Sender - Starting Kafka producer I/O thread.
2018-04-11 11:00:58.083 [main] INFO  o.a.k.c.producer.ProducerConfig - ProducerConfig values: 
	metric.reporters = []
	metadata.max.age.ms = 300000
	reconnect.backoff.ms = 50
	sasl.kerberos.ticket.renew.window.factor = 0.8
	bootstrap.servers = [kafka.server.com:9092]
	ssl.keystore.type = JKS
	sasl.mechanism = GSSAPI
	max.block.ms = 60000
	interceptor.classes = null
	ssl.truststore.password = null
	client.id = producer-2
	ssl.endpoint.identification.algorithm = null
	request.timeout.ms = 30000
	acks = all
	receive.buffer.bytes = 32768
	ssl.truststore.type = JKS
	retries = 0
	ssl.truststore.location = null
	ssl.keystore.password = null
	send.buffer.bytes = 131072
	compression.type = none
	metadata.fetch.timeout.ms = 60000
	retry.backoff.ms = 100
	sasl.kerberos.kinit.cmd = /usr/bin/kinit
	buffer.memory = 33554432
	timeout.ms = 30000
	key.serializer = class org.apache.kafka.common.serialization.StringSerializer
	sasl.kerberos.service.name = null
	sasl.kerberos.ticket.renew.jitter = 0.05
	ssl.trustmanager.algorithm = PKIX
	block.on.buffer.full = false
	ssl.key.password = null
	sasl.kerberos.min.time.before.relogin = 60000
	connections.max.idle.ms = 540000
	max.in.flight.requests.per.connection = 5
	metrics.num.samples = 2
	ssl.protocol = TLS
	ssl.provider = null
	ssl.enabled.protocols = [TLSv1.2, TLSv1.1, TLSv1]
	batch.size = 16384
	ssl.keystore.location = null
	ssl.cipher.suites = null
	security.protocol = PLAINTEXT
	max.request.size = 1048576
	value.serializer = class org.apache.kafka.common.serialization.StringSerializer
	ssl.keymanager.algorithm = SunX509
	metrics.sample.window.ms = 30000
	partitioner.class = class org.apache.kafka.clients.producer.internals.DefaultPartitioner
	linger.ms = 1

2018-04-11 11:00:58.086 [main] INFO  o.a.kafka.common.utils.AppInfoParser - Kafka version : 0.10.0.0
2018-04-11 11:00:58.086 [main] INFO  o.a.kafka.common.utils.AppInfoParser - Kafka commitId : b8642491e78c5a13
2018-04-11 11:00:58.094 [main] DEBUG o.a.k.clients.producer.KafkaProducer - Kafka producer started
2018-04-11 11:00:58.171 [kafka-producer-network-thread | producer-2] DEBUG o.apache.kafka.clients.NetworkClient - Initialize connection to node -1 for sending metadata request
2018-04-11 11:00:58.171 [kafka-producer-network-thread | producer-2] DEBUG o.apache.kafka.clients.NetworkClient - Initiating connection to node -1 at kafka.server.com:9092.
2018-04-11 11:00:58.254 [kafka-producer-network-thread | producer-2] DEBUG o.a.kafka.common.metrics.Metrics - Added sensor with name node--1.bytes-sent
2018-04-11 11:00:58.255 [kafka-producer-network-thread | producer-2] DEBUG o.a.kafka.common.metrics.Metrics - Added sensor with name node--1.bytes-received
2018-04-11 11:00:58.255 [kafka-producer-network-thread | producer-2] DEBUG o.a.kafka.common.metrics.Metrics - Added sensor with name node--1.latency
2018-04-11 11:00:58.258 [kafka-producer-network-thread | producer-2] DEBUG o.apache.kafka.clients.NetworkClient - Completed connection to node -1
2018-04-11 11:00:58.391 [kafka-producer-network-thread | producer-2] DEBUG o.apache.kafka.clients.NetworkClient - Sending metadata request {topics=[TEST_LOG]} to node -1
2018-04-11 11:00:58.422 [kafka-producer-network-thread | producer-2] DEBUG org.apache.kafka.clients.Metadata - Updated cluster metadata version 2 to Cluster(nodes = [10.0.1.39:9092 (id: 0 rack: null)], partitions = [Partition(topic = TEST_LOG, partition = 0, leader = 0, replicas = [0,], isr = [0,]])
2018-04-11 11:00:58.442 [kafka-producer-network-thread | producer-2] DEBUG o.apache.kafka.clients.NetworkClient - Initiating connection to node 0 at 10.0.1.39:9092.
2018-04-11 11:00:58.446 [kafka-producer-network-thread | producer-2] DEBUG o.a.kafka.common.metrics.Metrics - Added sensor with name node-0.bytes-sent
2018-04-11 11:00:58.447 [kafka-producer-network-thread | producer-2] DEBUG o.a.kafka.common.metrics.Metrics - Added sensor with name node-0.bytes-received
2018-04-11 11:00:58.448 [kafka-producer-network-thread | producer-2] DEBUG o.a.kafka.common.metrics.Metrics - Added sensor with name node-0.latency
2018-04-11 11:00:58.458 [kafka-producer-network-thread | producer-2] DEBUG o.apache.kafka.clients.NetworkClient - Completed connection to node 0
2018-04-11 11:00:58.459 [kafka-producer-network-thread | producer-2] DEBUG o.a.kafka.common.metrics.Metrics - Added sensor with name topic.TEST_LOG.records-per-batch
2018-04-11 11:00:58.459 [kafka-producer-network-thread | producer-2] DEBUG o.a.kafka.common.metrics.Metrics - Added sensor with name topic.TEST_LOG.bytes
2018-04-11 11:00:58.460 [kafka-producer-network-thread | producer-2] DEBUG o.a.kafka.common.metrics.Metrics - Added sensor with name topic.TEST_LOG.compression-rate
2018-04-11 11:00:58.460 [kafka-producer-network-thread | producer-2] DEBUG o.a.kafka.common.metrics.Metrics - Added sensor with name topic.TEST_LOG.record-retries
2018-04-11 11:00:58.460 [kafka-producer-network-thread | producer-2] DEBUG o.a.kafka.common.metrics.Metrics - Added sensor with name topic.TEST_LOG.record-errors
2018-04-11 11:01:34.548 [main] INFO  o.a.k.c.producer.ProducerConfig - ProducerConfig values: 
	metric.reporters = []
	metadata.max.age.ms = 300000
	reconnect.backoff.ms = 50
	sasl.kerberos.ticket.renew.window.factor = 0.8
	bootstrap.servers = [kafka.server.com:9092]
	ssl.keystore.type = JKS
	sasl.mechanism = GSSAPI
	max.block.ms = 60000
	interceptor.classes = null
	ssl.truststore.password = null
	client.id = 
	ssl.endpoint.identification.algorithm = null
	request.timeout.ms = 30000
	acks = all
	receive.buffer.bytes = 32768
	ssl.truststore.type = JKS
	retries = 0
	ssl.truststore.location = null
	ssl.keystore.password = null
	send.buffer.bytes = 131072
	compression.type = none
	metadata.fetch.timeout.ms = 60000
	retry.backoff.ms = 100
	sasl.kerberos.kinit.cmd = /usr/bin/kinit
	buffer.memory = 33554432
	timeout.ms = 30000
	key.serializer = class org.apache.kafka.common.serialization.StringSerializer
	sasl.kerberos.service.name = null
	sasl.kerberos.ticket.renew.jitter = 0.05
	ssl.trustmanager.algorithm = PKIX
	block.on.buffer.full = false
	ssl.key.password = null
	sasl.kerberos.min.time.before.relogin = 60000
	connections.max.idle.ms = 540000
	max.in.flight.requests.per.connection = 5
	metrics.num.samples = 2
	ssl.protocol = TLS
	ssl.provider = null
	ssl.enabled.protocols = [TLSv1.2, TLSv1.1, TLSv1]
	batch.size = 16384
	ssl.keystore.location = null
	ssl.cipher.suites = null
	security.protocol = PLAINTEXT
	max.request.size = 1048576
	value.serializer = class org.apache.kafka.common.serialization.StringSerializer
	ssl.keymanager.algorithm = SunX509
	metrics.sample.window.ms = 30000
	partitioner.class = class org.apache.kafka.clients.producer.internals.DefaultPartitioner
	linger.ms = 1

2018-04-11 11:01:34.563 [main] DEBUG o.a.kafka.common.metrics.Metrics - Added sensor with name bufferpool-wait-time
2018-04-11 11:01:34.566 [main] DEBUG o.a.kafka.common.metrics.Metrics - Added sensor with name buffer-exhausted-records
2018-04-11 11:01:34.567 [main] DEBUG org.apache.kafka.clients.Metadata - Updated cluster metadata version 1 to Cluster(nodes = [kafka.server.com:9092 (id: -1 rack: null)], partitions = [])
2018-04-11 11:01:34.569 [main] DEBUG o.a.kafka.common.metrics.Metrics - Added sensor with name connections-closed:
2018-04-11 11:01:34.570 [main] DEBUG o.a.kafka.common.metrics.Metrics - Added sensor with name connections-created:
2018-04-11 11:01:34.571 [main] DEBUG o.a.kafka.common.metrics.Metrics - Added sensor with name bytes-sent-received:
2018-04-11 11:01:34.575 [main] DEBUG o.a.kafka.common.metrics.Metrics - Added sensor with name bytes-sent:
2018-04-11 11:01:34.576 [main] DEBUG o.a.kafka.common.metrics.Metrics - Added sensor with name bytes-received:
2018-04-11 11:01:34.577 [main] DEBUG o.a.kafka.common.metrics.Metrics - Added sensor with name select-time:
2018-04-11 11:01:34.579 [main] DEBUG o.a.kafka.common.metrics.Metrics - Added sensor with name io-time:
2018-04-11 11:01:34.587 [main] DEBUG o.a.kafka.common.metrics.Metrics - Added sensor with name batch-size
2018-04-11 11:01:34.591 [main] DEBUG o.a.kafka.common.metrics.Metrics - Added sensor with name compression-rate
2018-04-11 11:01:34.592 [main] DEBUG o.a.kafka.common.metrics.Metrics - Added sensor with name queue-time
2018-04-11 11:01:34.593 [main] DEBUG o.a.kafka.common.metrics.Metrics - Added sensor with name request-time
2018-04-11 11:01:34.596 [main] DEBUG o.a.kafka.common.metrics.Metrics - Added sensor with name produce-throttle-time
2018-04-11 11:01:34.597 [main] DEBUG o.a.kafka.common.metrics.Metrics - Added sensor with name records-per-request
2018-04-11 11:01:34.611 [main] DEBUG o.a.kafka.common.metrics.Metrics - Added sensor with name record-retries
2018-04-11 11:01:34.612 [main] DEBUG o.a.kafka.common.metrics.Metrics - Added sensor with name errors
2018-04-11 11:01:34.612 [main] DEBUG o.a.kafka.common.metrics.Metrics - Added sensor with name record-size-max
2018-04-11 11:01:34.613 [kafka-producer-network-thread | producer-2] DEBUG o.a.k.c.producer.internals.Sender - Starting Kafka producer I/O thread.
2018-04-11 11:01:34.617 [main] INFO  o.a.k.c.producer.ProducerConfig - ProducerConfig values: 
	metric.reporters = []
	metadata.max.age.ms = 300000
	reconnect.backoff.ms = 50
	sasl.kerberos.ticket.renew.window.factor = 0.8
	bootstrap.servers = [kafka.server.com:9092]
	ssl.keystore.type = JKS
	sasl.mechanism = GSSAPI
	max.block.ms = 60000
	interceptor.classes = null
	ssl.truststore.password = null
	client.id = producer-2
	ssl.endpoint.identification.algorithm = null
	request.timeout.ms = 30000
	acks = all
	receive.buffer.bytes = 32768
	ssl.truststore.type = JKS
	retries = 0
	ssl.truststore.location = null
	ssl.keystore.password = null
	send.buffer.bytes = 131072
	compression.type = none
	metadata.fetch.timeout.ms = 60000
	retry.backoff.ms = 100
	sasl.kerberos.kinit.cmd = /usr/bin/kinit
	buffer.memory = 33554432
	timeout.ms = 30000
	key.serializer = class org.apache.kafka.common.serialization.StringSerializer
	sasl.kerberos.service.name = null
	sasl.kerberos.ticket.renew.jitter = 0.05
	ssl.trustmanager.algorithm = PKIX
	block.on.buffer.full = false
	ssl.key.password = null
	sasl.kerberos.min.time.before.relogin = 60000
	connections.max.idle.ms = 540000
	max.in.flight.requests.per.connection = 5
	metrics.num.samples = 2
	ssl.protocol = TLS
	ssl.provider = null
	ssl.enabled.protocols = [TLSv1.2, TLSv1.1, TLSv1]
	batch.size = 16384
	ssl.keystore.location = null
	ssl.cipher.suites = null
	security.protocol = PLAINTEXT
	max.request.size = 1048576
	value.serializer = class org.apache.kafka.common.serialization.StringSerializer
	ssl.keymanager.algorithm = SunX509
	metrics.sample.window.ms = 30000
	partitioner.class = class org.apache.kafka.clients.producer.internals.DefaultPartitioner
	linger.ms = 1

2018-04-11 11:01:34.617 [main] INFO  o.a.kafka.common.utils.AppInfoParser - Kafka version : 0.10.0.0
2018-04-11 11:01:34.618 [main] INFO  o.a.kafka.common.utils.AppInfoParser - Kafka commitId : b8642491e78c5a13
2018-04-11 11:01:34.620 [main] DEBUG o.a.k.clients.producer.KafkaProducer - Kafka producer started
2018-04-11 11:01:34.671 [kafka-producer-network-thread | producer-2] DEBUG o.apache.kafka.clients.NetworkClient - Initialize connection to node -1 for sending metadata request
2018-04-11 11:01:34.674 [kafka-producer-network-thread | producer-2] DEBUG o.apache.kafka.clients.NetworkClient - Initiating connection to node -1 at kafka.server.com:9092.
2018-04-11 11:01:34.831 [kafka-producer-network-thread | producer-2] DEBUG o.a.kafka.common.metrics.Metrics - Added sensor with name node--1.bytes-sent
2018-04-11 11:01:34.832 [kafka-producer-network-thread | producer-2] DEBUG o.a.kafka.common.metrics.Metrics - Added sensor with name node--1.bytes-received
2018-04-11 11:01:34.833 [kafka-producer-network-thread | producer-2] DEBUG o.a.kafka.common.metrics.Metrics - Added sensor with name node--1.latency
2018-04-11 11:01:34.838 [kafka-producer-network-thread | producer-2] DEBUG o.apache.kafka.clients.NetworkClient - Completed connection to node -1
2018-04-11 11:01:34.919 [kafka-producer-network-thread | producer-2] DEBUG o.apache.kafka.clients.NetworkClient - Sending metadata request {topics=[TEST_LOG]} to node -1
2018-04-11 11:01:34.955 [kafka-producer-network-thread | producer-2] DEBUG org.apache.kafka.clients.Metadata - Updated cluster metadata version 2 to Cluster(nodes = [10.0.1.39:9092 (id: 0 rack: null)], partitions = [Partition(topic = TEST_LOG, partition = 0, leader = 0, replicas = [0,], isr = [0,]])
2018-04-11 11:01:34.979 [kafka-producer-network-thread | producer-2] DEBUG o.apache.kafka.clients.NetworkClient - Initiating connection to node 0 at 10.0.1.39:9092.
2018-04-11 11:01:34.990 [kafka-producer-network-thread | producer-2] DEBUG o.a.kafka.common.metrics.Metrics - Added sensor with name node-0.bytes-sent
2018-04-11 11:01:34.992 [kafka-producer-network-thread | producer-2] DEBUG o.a.kafka.common.metrics.Metrics - Added sensor with name node-0.bytes-received
2018-04-11 11:01:34.992 [kafka-producer-network-thread | producer-2] DEBUG o.a.kafka.common.metrics.Metrics - Added sensor with name node-0.latency
2018-04-11 11:01:35.002 [kafka-producer-network-thread | producer-2] DEBUG o.apache.kafka.clients.NetworkClient - Completed connection to node 0
2018-04-11 11:01:35.002 [kafka-producer-network-thread | producer-2] DEBUG o.a.kafka.common.metrics.Metrics - Added sensor with name topic.TEST_LOG.records-per-batch
2018-04-11 11:01:35.003 [kafka-producer-network-thread | producer-2] DEBUG o.a.kafka.common.metrics.Metrics - Added sensor with name topic.TEST_LOG.bytes
2018-04-11 11:01:35.003 [kafka-producer-network-thread | producer-2] DEBUG o.a.kafka.common.metrics.Metrics - Added sensor with name topic.TEST_LOG.compression-rate
2018-04-11 11:01:35.003 [kafka-producer-network-thread | producer-2] DEBUG o.a.kafka.common.metrics.Metrics - Added sensor with name topic.TEST_LOG.record-retries
2018-04-11 11:01:35.004 [kafka-producer-network-thread | producer-2] DEBUG o.a.kafka.common.metrics.Metrics - Added sensor with name topic.TEST_LOG.record-errors
2018-04-11 11:03:07.713 [main] INFO  o.a.k.c.producer.ProducerConfig - ProducerConfig values: 
	metric.reporters = []
	metadata.max.age.ms = 300000
	reconnect.backoff.ms = 50
	sasl.kerberos.ticket.renew.window.factor = 0.8
	bootstrap.servers = [kafka.server.com:9092]
	ssl.keystore.type = JKS
	sasl.mechanism = GSSAPI
	max.block.ms = 60000
	interceptor.classes = null
	ssl.truststore.password = null
	client.id = 
	ssl.endpoint.identification.algorithm = null
	request.timeout.ms = 30000
	acks = all
	receive.buffer.bytes = 32768
	ssl.truststore.type = JKS
	retries = 0
	ssl.truststore.location = null
	ssl.keystore.password = null
	send.buffer.bytes = 131072
	compression.type = none
	metadata.fetch.timeout.ms = 60000
	retry.backoff.ms = 100
	sasl.kerberos.kinit.cmd = /usr/bin/kinit
	buffer.memory = 33554432
	timeout.ms = 30000
	key.serializer = class org.apache.kafka.common.serialization.StringSerializer
	sasl.kerberos.service.name = null
	sasl.kerberos.ticket.renew.jitter = 0.05
	ssl.trustmanager.algorithm = PKIX
	block.on.buffer.full = false
	ssl.key.password = null
	sasl.kerberos.min.time.before.relogin = 60000
	connections.max.idle.ms = 540000
	max.in.flight.requests.per.connection = 5
	metrics.num.samples = 2
	ssl.protocol = TLS
	ssl.provider = null
	ssl.enabled.protocols = [TLSv1.2, TLSv1.1, TLSv1]
	batch.size = 16384
	ssl.keystore.location = null
	ssl.cipher.suites = null
	security.protocol = PLAINTEXT
	max.request.size = 1048576
	value.serializer = class org.apache.kafka.common.serialization.StringSerializer
	ssl.keymanager.algorithm = SunX509
	metrics.sample.window.ms = 30000
	partitioner.class = class org.apache.kafka.clients.producer.internals.DefaultPartitioner
	linger.ms = 1

2018-04-11 11:03:07.719 [main] DEBUG o.a.kafka.common.metrics.Metrics - Added sensor with name bufferpool-wait-time
2018-04-11 11:03:07.722 [main] DEBUG o.a.kafka.common.metrics.Metrics - Added sensor with name buffer-exhausted-records
2018-04-11 11:03:07.722 [main] DEBUG org.apache.kafka.clients.Metadata - Updated cluster metadata version 1 to Cluster(nodes = [kafka.server.com:9092 (id: -1 rack: null)], partitions = [])
2018-04-11 11:03:07.723 [main] DEBUG o.a.kafka.common.metrics.Metrics - Added sensor with name connections-closed:
2018-04-11 11:03:07.723 [main] DEBUG o.a.kafka.common.metrics.Metrics - Added sensor with name connections-created:
2018-04-11 11:03:07.724 [main] DEBUG o.a.kafka.common.metrics.Metrics - Added sensor with name bytes-sent-received:
2018-04-11 11:03:07.724 [main] DEBUG o.a.kafka.common.metrics.Metrics - Added sensor with name bytes-sent:
2018-04-11 11:03:07.725 [main] DEBUG o.a.kafka.common.metrics.Metrics - Added sensor with name bytes-received:
2018-04-11 11:03:07.725 [main] DEBUG o.a.kafka.common.metrics.Metrics - Added sensor with name select-time:
2018-04-11 11:03:07.728 [main] DEBUG o.a.kafka.common.metrics.Metrics - Added sensor with name io-time:
2018-04-11 11:03:07.729 [main] DEBUG o.a.kafka.common.metrics.Metrics - Added sensor with name batch-size
2018-04-11 11:03:07.730 [main] DEBUG o.a.kafka.common.metrics.Metrics - Added sensor with name compression-rate
2018-04-11 11:03:07.730 [main] DEBUG o.a.kafka.common.metrics.Metrics - Added sensor with name queue-time
2018-04-11 11:03:07.731 [main] DEBUG o.a.kafka.common.metrics.Metrics - Added sensor with name request-time
2018-04-11 11:03:07.731 [main] DEBUG o.a.kafka.common.metrics.Metrics - Added sensor with name produce-throttle-time
2018-04-11 11:03:07.732 [main] DEBUG o.a.kafka.common.metrics.Metrics - Added sensor with name records-per-request
2018-04-11 11:03:07.732 [main] DEBUG o.a.kafka.common.metrics.Metrics - Added sensor with name record-retries
2018-04-11 11:03:07.733 [main] DEBUG o.a.kafka.common.metrics.Metrics - Added sensor with name errors
2018-04-11 11:03:07.734 [main] DEBUG o.a.kafka.common.metrics.Metrics - Added sensor with name record-size-max
2018-04-11 11:03:07.741 [kafka-producer-network-thread | producer-2] DEBUG o.a.k.c.producer.internals.Sender - Starting Kafka producer I/O thread.
2018-04-11 11:03:07.742 [main] INFO  o.a.k.c.producer.ProducerConfig - ProducerConfig values: 
	metric.reporters = []
	metadata.max.age.ms = 300000
	reconnect.backoff.ms = 50
	sasl.kerberos.ticket.renew.window.factor = 0.8
	bootstrap.servers = [kafka.server.com:9092]
	ssl.keystore.type = JKS
	sasl.mechanism = GSSAPI
	max.block.ms = 60000
	interceptor.classes = null
	ssl.truststore.password = null
	client.id = producer-2
	ssl.endpoint.identification.algorithm = null
	request.timeout.ms = 30000
	acks = all
	receive.buffer.bytes = 32768
	ssl.truststore.type = JKS
	retries = 0
	ssl.truststore.location = null
	ssl.keystore.password = null
	send.buffer.bytes = 131072
	compression.type = none
	metadata.fetch.timeout.ms = 60000
	retry.backoff.ms = 100
	sasl.kerberos.kinit.cmd = /usr/bin/kinit
	buffer.memory = 33554432
	timeout.ms = 30000
	key.serializer = class org.apache.kafka.common.serialization.StringSerializer
	sasl.kerberos.service.name = null
	sasl.kerberos.ticket.renew.jitter = 0.05
	ssl.trustmanager.algorithm = PKIX
	block.on.buffer.full = false
	ssl.key.password = null
	sasl.kerberos.min.time.before.relogin = 60000
	connections.max.idle.ms = 540000
	max.in.flight.requests.per.connection = 5
	metrics.num.samples = 2
	ssl.protocol = TLS
	ssl.provider = null
	ssl.enabled.protocols = [TLSv1.2, TLSv1.1, TLSv1]
	batch.size = 16384
	ssl.keystore.location = null
	ssl.cipher.suites = null
	security.protocol = PLAINTEXT
	max.request.size = 1048576
	value.serializer = class org.apache.kafka.common.serialization.StringSerializer
	ssl.keymanager.algorithm = SunX509
	metrics.sample.window.ms = 30000
	partitioner.class = class org.apache.kafka.clients.producer.internals.DefaultPartitioner
	linger.ms = 1

2018-04-11 11:03:07.742 [main] INFO  o.a.kafka.common.utils.AppInfoParser - Kafka version : 0.10.0.0
2018-04-11 11:03:07.742 [main] INFO  o.a.kafka.common.utils.AppInfoParser - Kafka commitId : b8642491e78c5a13
2018-04-11 11:03:07.743 [main] DEBUG o.a.k.clients.producer.KafkaProducer - Kafka producer started
2018-04-11 11:03:07.823 [kafka-producer-network-thread | producer-2] DEBUG o.apache.kafka.clients.NetworkClient - Initialize connection to node -1 for sending metadata request
2018-04-11 11:03:07.824 [kafka-producer-network-thread | producer-2] DEBUG o.apache.kafka.clients.NetworkClient - Initiating connection to node -1 at kafka.server.com:9092.
2018-04-11 11:03:07.827 [kafka-producer-network-thread | producer-2] DEBUG o.a.kafka.common.metrics.Metrics - Added sensor with name node--1.bytes-sent
2018-04-11 11:03:07.827 [kafka-producer-network-thread | producer-2] DEBUG o.a.kafka.common.metrics.Metrics - Added sensor with name node--1.bytes-received
2018-04-11 11:03:07.827 [kafka-producer-network-thread | producer-2] DEBUG o.a.kafka.common.metrics.Metrics - Added sensor with name node--1.latency
2018-04-11 11:03:07.828 [kafka-producer-network-thread | producer-2] DEBUG o.apache.kafka.clients.NetworkClient - Completed connection to node -1
2018-04-11 11:03:07.924 [kafka-producer-network-thread | producer-2] DEBUG o.apache.kafka.clients.NetworkClient - Sending metadata request {topics=[TEST_LOG]} to node -1
2018-04-11 11:03:07.928 [kafka-producer-network-thread | producer-2] DEBUG org.apache.kafka.clients.Metadata - Updated cluster metadata version 2 to Cluster(nodes = [10.0.1.39:9092 (id: 0 rack: null)], partitions = [Partition(topic = TEST_LOG, partition = 0, leader = 0, replicas = [0,], isr = [0,]])
2018-04-11 11:03:07.935 [kafka-producer-network-thread | producer-2] DEBUG o.apache.kafka.clients.NetworkClient - Initiating connection to node 0 at 10.0.1.39:9092.
2018-04-11 11:03:07.942 [kafka-producer-network-thread | producer-2] DEBUG o.a.kafka.common.metrics.Metrics - Added sensor with name node-0.bytes-sent
2018-04-11 11:03:07.944 [kafka-producer-network-thread | producer-2] DEBUG o.a.kafka.common.metrics.Metrics - Added sensor with name node-0.bytes-received
2018-04-11 11:03:07.944 [kafka-producer-network-thread | producer-2] DEBUG o.a.kafka.common.metrics.Metrics - Added sensor with name node-0.latency
2018-04-11 11:03:07.945 [kafka-producer-network-thread | producer-2] DEBUG o.apache.kafka.clients.NetworkClient - Completed connection to node 0
2018-04-11 11:03:07.946 [kafka-producer-network-thread | producer-2] DEBUG o.a.kafka.common.metrics.Metrics - Added sensor with name topic.TEST_LOG.records-per-batch
2018-04-11 11:03:07.946 [kafka-producer-network-thread | producer-2] DEBUG o.a.kafka.common.metrics.Metrics - Added sensor with name topic.TEST_LOG.bytes
2018-04-11 11:03:07.947 [kafka-producer-network-thread | producer-2] DEBUG o.a.kafka.common.metrics.Metrics - Added sensor with name topic.TEST_LOG.compression-rate
2018-04-11 11:03:07.947 [kafka-producer-network-thread | producer-2] DEBUG o.a.kafka.common.metrics.Metrics - Added sensor with name topic.TEST_LOG.record-retries
2018-04-11 11:03:07.948 [kafka-producer-network-thread | producer-2] DEBUG o.a.kafka.common.metrics.Metrics - Added sensor with name topic.TEST_LOG.record-errors
2018-04-11 11:04:20.543 [main] INFO  o.a.k.c.producer.ProducerConfig - ProducerConfig values: 
	metric.reporters = []
	metadata.max.age.ms = 300000
	reconnect.backoff.ms = 50
	sasl.kerberos.ticket.renew.window.factor = 0.8
	bootstrap.servers = [kafka.server.com:9092]
	ssl.keystore.type = JKS
	sasl.mechanism = GSSAPI
	max.block.ms = 60000
	interceptor.classes = null
	ssl.truststore.password = null
	client.id = 
	ssl.endpoint.identification.algorithm = null
	request.timeout.ms = 30000
	acks = all
	receive.buffer.bytes = 32768
	ssl.truststore.type = JKS
	retries = 0
	ssl.truststore.location = null
	ssl.keystore.password = null
	send.buffer.bytes = 131072
	compression.type = none
	metadata.fetch.timeout.ms = 60000
	retry.backoff.ms = 100
	sasl.kerberos.kinit.cmd = /usr/bin/kinit
	buffer.memory = 33554432
	timeout.ms = 30000
	key.serializer = class org.apache.kafka.common.serialization.StringSerializer
	sasl.kerberos.service.name = null
	sasl.kerberos.ticket.renew.jitter = 0.05
	ssl.trustmanager.algorithm = PKIX
	block.on.buffer.full = false
	ssl.key.password = null
	sasl.kerberos.min.time.before.relogin = 60000
	connections.max.idle.ms = 540000
	max.in.flight.requests.per.connection = 5
	metrics.num.samples = 2
	ssl.protocol = TLS
	ssl.provider = null
	ssl.enabled.protocols = [TLSv1.2, TLSv1.1, TLSv1]
	batch.size = 16384
	ssl.keystore.location = null
	ssl.cipher.suites = null
	security.protocol = PLAINTEXT
	max.request.size = 1048576
	value.serializer = class org.apache.kafka.common.serialization.StringSerializer
	ssl.keymanager.algorithm = SunX509
	metrics.sample.window.ms = 30000
	partitioner.class = class org.apache.kafka.clients.producer.internals.DefaultPartitioner
	linger.ms = 1

2018-04-11 11:04:20.563 [kafka-producer-network-thread | producer-1] DEBUG o.apache.kafka.clients.NetworkClient - Initialize connection to node -1 for sending metadata request
2018-04-11 11:05:45.614 [main] INFO  o.a.k.c.producer.ProducerConfig - ProducerConfig values: 
	metric.reporters = []
	metadata.max.age.ms = 300000
	reconnect.backoff.ms = 50
	sasl.kerberos.ticket.renew.window.factor = 0.8
	bootstrap.servers = [kafka.server.com:9092]
	ssl.keystore.type = JKS
	sasl.mechanism = GSSAPI
	max.block.ms = 60000
	interceptor.classes = null
	ssl.truststore.password = null
	client.id = 
	ssl.endpoint.identification.algorithm = null
	request.timeout.ms = 30000
	acks = all
	receive.buffer.bytes = 32768
	ssl.truststore.type = JKS
	retries = 0
	ssl.truststore.location = null
	ssl.keystore.password = null
	send.buffer.bytes = 131072
	compression.type = none
	metadata.fetch.timeout.ms = 60000
	retry.backoff.ms = 100
	sasl.kerberos.kinit.cmd = /usr/bin/kinit
	buffer.memory = 33554432
	timeout.ms = 30000
	key.serializer = class org.apache.kafka.common.serialization.StringSerializer
	sasl.kerberos.service.name = null
	sasl.kerberos.ticket.renew.jitter = 0.05
	ssl.trustmanager.algorithm = PKIX
	block.on.buffer.full = false
	ssl.key.password = null
	sasl.kerberos.min.time.before.relogin = 60000
	connections.max.idle.ms = 540000
	max.in.flight.requests.per.connection = 5
	metrics.num.samples = 2
	ssl.protocol = TLS
	ssl.provider = null
	ssl.enabled.protocols = [TLSv1.2, TLSv1.1, TLSv1]
	batch.size = 16384
	ssl.keystore.location = null
	ssl.cipher.suites = null
	security.protocol = PLAINTEXT
	max.request.size = 1048576
	value.serializer = class org.apache.kafka.common.serialization.StringSerializer
	ssl.keymanager.algorithm = SunX509
	metrics.sample.window.ms = 30000
	partitioner.class = class org.apache.kafka.clients.producer.internals.DefaultPartitioner
	linger.ms = 1

2018-04-11 11:05:45.620 [main] DEBUG o.a.kafka.common.metrics.Metrics - Added sensor with name bufferpool-wait-time
2018-04-11 11:05:45.623 [main] DEBUG o.a.kafka.common.metrics.Metrics - Added sensor with name buffer-exhausted-records
2018-04-11 11:05:45.624 [main] DEBUG org.apache.kafka.clients.Metadata - Updated cluster metadata version 1 to Cluster(nodes = [kafka.server.com:9092 (id: -1 rack: null)], partitions = [])
2018-04-11 11:05:45.625 [main] DEBUG o.a.kafka.common.metrics.Metrics - Added sensor with name connections-closed:
2018-04-11 11:05:45.625 [main] DEBUG o.a.kafka.common.metrics.Metrics - Added sensor with name connections-created:
2018-04-11 11:05:45.626 [main] DEBUG o.a.kafka.common.metrics.Metrics - Added sensor with name bytes-sent-received:
2018-04-11 11:05:45.626 [main] DEBUG o.a.kafka.common.metrics.Metrics - Added sensor with name bytes-sent:
2018-04-11 11:05:45.627 [main] DEBUG o.a.kafka.common.metrics.Metrics - Added sensor with name bytes-received:
2018-04-11 11:05:45.627 [main] DEBUG o.a.kafka.common.metrics.Metrics - Added sensor with name select-time:
2018-04-11 11:05:45.628 [main] DEBUG o.a.kafka.common.metrics.Metrics - Added sensor with name io-time:
2018-04-11 11:05:45.629 [main] DEBUG o.a.kafka.common.metrics.Metrics - Added sensor with name batch-size
2018-04-11 11:05:45.630 [main] DEBUG o.a.kafka.common.metrics.Metrics - Added sensor with name compression-rate
2018-04-11 11:05:45.631 [main] DEBUG o.a.kafka.common.metrics.Metrics - Added sensor with name queue-time
2018-04-11 11:05:45.631 [main] DEBUG o.a.kafka.common.metrics.Metrics - Added sensor with name request-time
2018-04-11 11:05:45.632 [main] DEBUG o.a.kafka.common.metrics.Metrics - Added sensor with name produce-throttle-time
2018-04-11 11:05:45.633 [main] DEBUG o.a.kafka.common.metrics.Metrics - Added sensor with name records-per-request
2018-04-11 11:05:45.634 [main] DEBUG o.a.kafka.common.metrics.Metrics - Added sensor with name record-retries
2018-04-11 11:05:45.635 [main] DEBUG o.a.kafka.common.metrics.Metrics - Added sensor with name errors
2018-04-11 11:05:45.636 [main] DEBUG o.a.kafka.common.metrics.Metrics - Added sensor with name record-size-max
2018-04-11 11:05:45.644 [kafka-producer-network-thread | producer-2] DEBUG o.a.k.c.producer.internals.Sender - Starting Kafka producer I/O thread.
2018-04-11 11:05:45.646 [main] INFO  o.a.k.c.producer.ProducerConfig - ProducerConfig values: 
	metric.reporters = []
	metadata.max.age.ms = 300000
	reconnect.backoff.ms = 50
	sasl.kerberos.ticket.renew.window.factor = 0.8
	bootstrap.servers = [kafka.server.com:9092]
	ssl.keystore.type = JKS
	sasl.mechanism = GSSAPI
	max.block.ms = 60000
	interceptor.classes = null
	ssl.truststore.password = null
	client.id = producer-2
	ssl.endpoint.identification.algorithm = null
	request.timeout.ms = 30000
	acks = all
	receive.buffer.bytes = 32768
	ssl.truststore.type = JKS
	retries = 0
	ssl.truststore.location = null
	ssl.keystore.password = null
	send.buffer.bytes = 131072
	compression.type = none
	metadata.fetch.timeout.ms = 60000
	retry.backoff.ms = 100
	sasl.kerberos.kinit.cmd = /usr/bin/kinit
	buffer.memory = 33554432
	timeout.ms = 30000
	key.serializer = class org.apache.kafka.common.serialization.StringSerializer
	sasl.kerberos.service.name = null
	sasl.kerberos.ticket.renew.jitter = 0.05
	ssl.trustmanager.algorithm = PKIX
	block.on.buffer.full = false
	ssl.key.password = null
	sasl.kerberos.min.time.before.relogin = 60000
	connections.max.idle.ms = 540000
	max.in.flight.requests.per.connection = 5
	metrics.num.samples = 2
	ssl.protocol = TLS
	ssl.provider = null
	ssl.enabled.protocols = [TLSv1.2, TLSv1.1, TLSv1]
	batch.size = 16384
	ssl.keystore.location = null
	ssl.cipher.suites = null
	security.protocol = PLAINTEXT
	max.request.size = 1048576
	value.serializer = class org.apache.kafka.common.serialization.StringSerializer
	ssl.keymanager.algorithm = SunX509
	metrics.sample.window.ms = 30000
	partitioner.class = class org.apache.kafka.clients.producer.internals.DefaultPartitioner
	linger.ms = 1

2018-04-11 11:05:45.647 [main] INFO  o.a.kafka.common.utils.AppInfoParser - Kafka version : 0.10.0.0
2018-04-11 11:05:45.647 [main] INFO  o.a.kafka.common.utils.AppInfoParser - Kafka commitId : b8642491e78c5a13
2018-04-11 11:05:45.648 [main] DEBUG o.a.k.clients.producer.KafkaProducer - Kafka producer started
2018-04-11 11:05:45.726 [kafka-producer-network-thread | producer-2] DEBUG o.apache.kafka.clients.NetworkClient - Initialize connection to node -1 for sending metadata request
2018-04-11 11:05:45.727 [kafka-producer-network-thread | producer-2] DEBUG o.apache.kafka.clients.NetworkClient - Initiating connection to node -1 at kafka.server.com:9092.
2018-04-11 11:05:45.729 [kafka-producer-network-thread | producer-2] DEBUG o.a.kafka.common.metrics.Metrics - Added sensor with name node--1.bytes-sent
2018-04-11 11:05:45.730 [kafka-producer-network-thread | producer-2] DEBUG o.a.kafka.common.metrics.Metrics - Added sensor with name node--1.bytes-received
2018-04-11 11:05:45.730 [kafka-producer-network-thread | producer-2] DEBUG o.a.kafka.common.metrics.Metrics - Added sensor with name node--1.latency
2018-04-11 11:05:45.731 [kafka-producer-network-thread | producer-2] DEBUG o.apache.kafka.clients.NetworkClient - Completed connection to node -1
2018-04-11 11:05:45.829 [kafka-producer-network-thread | producer-2] DEBUG o.apache.kafka.clients.NetworkClient - Sending metadata request {topics=[TEST_LOG]} to node -1
2018-04-11 11:05:45.838 [kafka-producer-network-thread | producer-2] DEBUG org.apache.kafka.clients.Metadata - Updated cluster metadata version 2 to Cluster(nodes = [10.0.1.39:9092 (id: 0 rack: null)], partitions = [Partition(topic = TEST_LOG, partition = 0, leader = 0, replicas = [0,], isr = [0,]])
2018-04-11 11:05:45.846 [kafka-producer-network-thread | producer-2] DEBUG o.apache.kafka.clients.NetworkClient - Initiating connection to node 0 at 10.0.1.39:9092.
2018-04-11 11:05:45.850 [kafka-producer-network-thread | producer-2] DEBUG o.a.kafka.common.metrics.Metrics - Added sensor with name node-0.bytes-sent
2018-04-11 11:05:45.852 [kafka-producer-network-thread | producer-2] DEBUG o.a.kafka.common.metrics.Metrics - Added sensor with name node-0.bytes-received
2018-04-11 11:05:45.853 [kafka-producer-network-thread | producer-2] DEBUG o.a.kafka.common.metrics.Metrics - Added sensor with name node-0.latency
2018-04-11 11:05:45.856 [kafka-producer-network-thread | producer-2] DEBUG o.apache.kafka.clients.NetworkClient - Completed connection to node 0
2018-04-11 11:05:45.857 [kafka-producer-network-thread | producer-2] DEBUG o.a.kafka.common.metrics.Metrics - Added sensor with name topic.TEST_LOG.records-per-batch
2018-04-11 11:05:45.858 [kafka-producer-network-thread | producer-2] DEBUG o.a.kafka.common.metrics.Metrics - Added sensor with name topic.TEST_LOG.bytes
2018-04-11 11:05:45.859 [kafka-producer-network-thread | producer-2] DEBUG o.a.kafka.common.metrics.Metrics - Added sensor with name topic.TEST_LOG.compression-rate
2018-04-11 11:05:45.860 [kafka-producer-network-thread | producer-2] DEBUG o.a.kafka.common.metrics.Metrics - Added sensor with name topic.TEST_LOG.record-retries
2018-04-11 11:05:45.860 [kafka-producer-network-thread | producer-2] DEBUG o.a.kafka.common.metrics.Metrics - Added sensor with name topic.TEST_LOG.record-errors
2018-04-11 11:06:23.679 [main] DEBUG xyz.main - 11
2018-04-11 11:06:23.683 [main] DEBUG xyz.main - 11
2018-04-11 11:06:23.684 [main] DEBUG xyz.main - 11
2018-04-11 11:06:23.684 [main] DEBUG xyz.main - 11
2018-04-11 11:06:23.685 [main] DEBUG xyz.main - 11
2018-04-11 11:06:23.685 [main] DEBUG xyz.main - 11
2018-04-11 11:06:23.686 [main] DEBUG xyz.main - 11
2018-04-11 11:06:43.653 [main] DEBUG xyz.main - 11
2018-04-11 11:06:43.666 [kafka-producer-network-thread | producer-1] DEBUG o.apache.kafka.clients.NetworkClient - Initialize connection to node -1 for sending metadata request
2018-04-11 11:07:31.963 [main] DEBUG xyz.main - 11
2018-04-11 11:07:31.968 [main] DEBUG xyz.main - 11
2018-04-11 11:07:31.969 [main] DEBUG xyz.main - 11
2018-04-11 11:07:31.969 [main] DEBUG xyz.main - 11
2018-04-11 11:07:31.969 [main] DEBUG xyz.main - 11
2018-04-11 11:07:31.970 [main] DEBUG xyz.main - 11
2018-04-11 11:07:31.970 [main] DEBUG xyz.main - 11
2018-04-11 11:09:03.218 [main] DEBUG xyz.main - 11
2018-04-11 11:09:03.222 [main] DEBUG xyz.main - 11
2018-04-11 11:09:03.222 [main] DEBUG xyz.main - 11
2018-04-11 11:09:03.222 [main] DEBUG xyz.main - 11
2018-04-11 11:09:03.223 [main] DEBUG xyz.main - 11
2018-04-11 11:09:03.223 [main] DEBUG xyz.main - 11
2018-04-11 11:09:03.223 [main] DEBUG xyz.main - 11
2018-04-11 11:12:17.715 [main] DEBUG xyz.main - 11
2018-04-11 11:12:17.722 [main] DEBUG xyz.main - 11
2018-04-11 11:12:17.722 [main] DEBUG xyz.main - 11
2018-04-11 11:12:17.723 [main] DEBUG xyz.main - 11
2018-04-11 11:12:17.723 [main] DEBUG xyz.main - 11
2018-04-11 11:12:17.724 [main] DEBUG xyz.main - 11
2018-04-11 11:12:17.724 [main] DEBUG xyz.main - 11
2018-04-11 11:16:03.875 [main] DEBUG xyz.main - 11
2018-04-11 11:16:03.879 [main] DEBUG xyz.main - 11
2018-04-11 11:16:03.880 [main] DEBUG xyz.main - 11
2018-04-11 11:16:03.880 [main] DEBUG xyz.main - 11
2018-04-11 11:16:03.880 [main] DEBUG xyz.main - 11
2018-04-11 11:16:03.881 [main] DEBUG xyz.main - 11
2018-04-11 11:16:03.881 [main] DEBUG xyz.main - 11
2018-04-11 11:17:03.861 [main] DEBUG xyz.main - 11
2018-04-11 11:17:03.865 [main] DEBUG xyz.main - 11
2018-04-11 11:17:03.865 [main] DEBUG xyz.main - 11
2018-04-11 11:17:03.866 [main] DEBUG xyz.main - 11
2018-04-11 11:17:03.866 [main] DEBUG xyz.main - 11
2018-04-11 11:17:03.866 [main] DEBUG xyz.main - 11
2018-04-11 11:17:03.867 [main] DEBUG xyz.main - 11
2018-04-11 11:17:03.868 [Thread-1] DEBUG xyz.main - 11
2018-04-11 11:17:03.876 [Thread-1] DEBUG xyz.main - 11
2018-04-11 11:17:03.876 [Thread-1] DEBUG xyz.main - 11
2018-04-11 11:17:03.876 [Thread-1] DEBUG xyz.main - 11
2018-04-11 11:19:18.787 [main] DEBUG xyz.main - 11
2018-04-11 11:19:18.792 [main] DEBUG xyz.main - 11
2018-04-11 11:19:18.792 [main] DEBUG xyz.main - 11
2018-04-11 11:19:18.792 [main] DEBUG xyz.main - 11
2018-04-11 11:19:18.792 [main] DEBUG xyz.main - 11
2018-04-11 11:19:18.793 [main] DEBUG xyz.main - 11
2018-04-11 11:19:18.793 [main] DEBUG xyz.main - 11
2018-04-11 11:19:18.801 [Thread-1] DEBUG xyz.main - 11
2018-04-11 11:19:18.802 [Thread-1] DEBUG xyz.main - 11
2018-04-11 11:19:18.802 [Thread-1] DEBUG xyz.main - 11
2018-04-11 11:19:18.805 [Thread-1] DEBUG xyz.main - 11
2018-04-11 11:20:14.766 [main] DEBUG xyz.main - 11
2018-04-11 11:20:14.776 [kafka-producer-network-thread | producer-1] DEBUG o.apache.kafka.clients.NetworkClient - Initialize connection to node -1 for sending metadata request
2018-04-11 11:21:37.656 [main] DEBUG xyz.main - 11
2018-04-11 11:21:37.667 [main] DEBUG xyz.main - 11
2018-04-11 11:21:37.667 [main] DEBUG xyz.main - 11
2018-04-11 11:21:37.668 [main] DEBUG xyz.main - 11
2018-04-11 11:21:37.668 [main] DEBUG xyz.main - 11
2018-04-11 11:21:37.668 [main] DEBUG xyz.main - 11
2018-04-11 11:21:37.668 [main] DEBUG xyz.main - 11
2018-04-11 11:21:37.669 [Thread-0] DEBUG xyz.main - 11
2018-04-11 11:21:37.670 [Thread-0] DEBUG xyz.main - 11
2018-04-11 11:21:37.670 [Thread-0] DEBUG xyz.main - 11
2018-04-11 11:21:37.670 [Thread-0] DEBUG xyz.main - 11
2018-04-11 11:22:49.623 [main] DEBUG xyz.main - 11
2018-04-11 11:22:49.628 [main] DEBUG xyz.main - 11
2018-04-11 11:22:49.628 [main] DEBUG xyz.main - 11
2018-04-11 11:22:49.629 [main] DEBUG xyz.main - 11
2018-04-11 11:22:49.629 [main] DEBUG xyz.main - 11
2018-04-11 11:22:49.629 [main] DEBUG xyz.main - 11
2018-04-11 11:22:49.629 [main] DEBUG xyz.main - 11
2018-04-11 11:22:49.630 [Thread-0] DEBUG xyz.main - 11
2018-04-11 11:22:49.631 [Thread-0] DEBUG xyz.main - 11
2018-04-11 11:22:49.631 [Thread-0] DEBUG xyz.main - 11
2018-04-11 11:22:49.631 [Thread-0] DEBUG xyz.main - 11
2018-04-11 11:23:11.881 [main] DEBUG xyz.main - 11
2018-04-11 11:23:11.889 [main] DEBUG xyz.main - 11
2018-04-11 11:23:11.889 [main] DEBUG xyz.main - 11
2018-04-11 11:23:11.890 [main] DEBUG xyz.main - 11
2018-04-11 11:23:11.891 [main] DEBUG xyz.main - 11
2018-04-11 11:23:11.892 [main] DEBUG xyz.main - 11
2018-04-11 11:23:11.894 [main] DEBUG xyz.main - 11
2018-04-11 11:23:11.895 [Thread-0] DEBUG xyz.main - 13231
2018-04-11 11:23:11.895 [Thread-0] DEBUG xyz.main - 32
2018-04-11 11:23:11.895 [Thread-0] DEBUG xyz.main - 232
2018-04-11 11:23:11.896 [Thread-0] DEBUG xyz.main - 232
2018-04-11 11:23:55.965 [main] DEBUG xyz.main - 11
2018-04-11 11:23:55.971 [main] DEBUG xyz.main - 11
2018-04-11 11:23:55.972 [main] DEBUG xyz.main - 11
2018-04-11 11:23:55.972 [main] DEBUG xyz.main - 11
2018-04-11 11:23:55.972 [main] DEBUG xyz.main - 11
2018-04-11 11:23:55.973 [main] DEBUG xyz.main - 11
2018-04-11 11:23:55.973 [main] DEBUG xyz.main - 11
2018-04-11 11:23:55.974 [Thread-0] DEBUG xyz.main - 13231
2018-04-11 11:23:55.975 [Thread-0] DEBUG xyz.main - 32
2018-04-11 11:23:55.975 [Thread-0] DEBUG xyz.main - 232
2018-04-11 11:23:55.975 [Thread-0] DEBUG xyz.main - 232
2018-04-11 11:24:04.774 [main] DEBUG xyz.main - 11
2018-04-11 11:24:04.779 [main] DEBUG xyz.main - 11
2018-04-11 11:24:04.780 [main] DEBUG xyz.main - 11
2018-04-11 11:24:04.780 [main] DEBUG xyz.main - 11
2018-04-11 11:24:04.780 [main] DEBUG xyz.main - 11
2018-04-11 11:24:04.781 [main] DEBUG xyz.main - 11
2018-04-11 11:24:04.781 [main] DEBUG xyz.main - 11
2018-04-11 11:24:04.782 [Thread-0] DEBUG xyz.main - 13231
2018-04-11 11:24:04.782 [Thread-0] DEBUG xyz.main - 32
2018-04-11 11:24:04.783 [Thread-0] DEBUG xyz.main - 232
2018-04-11 11:24:04.783 [Thread-0] DEBUG xyz.main - 232
2018-04-11 11:25:13.308 [main] DEBUG xyz.main - 11
2018-04-11 11:25:13.312 [main] DEBUG xyz.main - 11
2018-04-11 11:25:13.313 [main] DEBUG xyz.main - 11
2018-04-11 11:25:13.313 [main] DEBUG xyz.main - 11
2018-04-11 11:25:13.313 [main] DEBUG xyz.main - 11
2018-04-11 11:25:13.313 [main] DEBUG xyz.main - 11
2018-04-11 11:25:13.313 [main] DEBUG xyz.main - 11
2018-04-11 11:25:13.322 [Thread-1] DEBUG xyz.main - 13231
2018-04-11 11:25:13.323 [Thread-1] DEBUG xyz.main - 32
2018-04-11 11:25:13.323 [Thread-1] DEBUG xyz.main - 232
2018-04-11 11:25:13.323 [Thread-1] DEBUG xyz.main - 232
2018-04-11 11:25:56.340 [main] DEBUG xyz.main - 11
2018-04-11 11:25:56.344 [main] DEBUG xyz.main - 11
2018-04-11 11:25:56.345 [main] DEBUG xyz.main - 11
2018-04-11 11:25:56.345 [main] DEBUG xyz.main - 11
2018-04-11 11:25:56.345 [main] DEBUG xyz.main - 11
2018-04-11 11:25:56.345 [main] DEBUG xyz.main - 11
2018-04-11 11:25:56.345 [main] DEBUG xyz.main - 11
2018-04-11 11:25:56.354 [Thread-1] DEBUG xyz.main - 13231
2018-04-11 11:25:56.354 [Thread-1] DEBUG xyz.main - 32
2018-04-11 11:25:56.355 [Thread-1] DEBUG xyz.main - 232
2018-04-11 11:25:56.355 [Thread-1] DEBUG xyz.main - 232
2018-04-11 11:26:09.929 [main] DEBUG xyz.main - 11
2018-04-11 11:26:09.934 [main] DEBUG xyz.main - 11
2018-04-11 11:26:09.934 [main] DEBUG xyz.main - 11
2018-04-11 11:26:09.934 [main] DEBUG xyz.main - 11
2018-04-11 11:26:09.934 [main] DEBUG xyz.main - 11
2018-04-11 11:26:09.934 [main] DEBUG xyz.main - 11
2018-04-11 11:26:09.934 [main] DEBUG xyz.main - 11
2018-04-11 11:26:09.943 [Thread-1] DEBUG xyz.main - 13231
2018-04-11 11:26:09.944 [Thread-1] DEBUG xyz.main - 32
2018-04-11 11:26:09.944 [Thread-1] DEBUG xyz.main - 232
2018-04-11 11:26:09.944 [Thread-1] DEBUG xyz.main - 232
2018-04-11 11:26:50.012 [main] DEBUG xyz.main - 11
2018-04-11 11:26:50.020 [main] DEBUG xyz.main - 11
2018-04-11 11:26:50.021 [main] DEBUG xyz.main - 11
2018-04-11 11:26:50.021 [main] DEBUG xyz.main - 11
2018-04-11 11:26:50.021 [main] DEBUG xyz.main - 11
2018-04-11 11:26:50.022 [main] DEBUG xyz.main - 11
2018-04-11 11:26:50.022 [main] DEBUG xyz.main - 11
2018-04-11 11:26:50.038 [Thread-1] DEBUG xyz.main - 13231
2018-04-11 11:26:50.038 [Thread-1] DEBUG xyz.main - 32
2018-04-11 11:26:50.041 [Thread-1] DEBUG xyz.main - 232
2018-04-11 11:26:50.042 [Thread-1] DEBUG xyz.main - 232
2018-04-11 11:38:20.157 [main] DEBUG xyz.main - 11
2018-04-11 11:38:20.161 [main] DEBUG xyz.main - 11
2018-04-11 11:38:20.161 [main] DEBUG xyz.main - 11
2018-04-11 11:38:20.161 [main] DEBUG xyz.main - 11
2018-04-11 11:38:20.161 [main] DEBUG xyz.main - 11
2018-04-11 11:38:20.161 [main] DEBUG xyz.main - 11
2018-04-11 11:38:20.161 [main] DEBUG xyz.main - 11
2018-04-11 11:38:20.168 [Thread-1] DEBUG xyz.main - 13231
2018-04-11 11:38:20.169 [Thread-1] DEBUG xyz.main - 32
2018-04-11 11:38:20.169 [Thread-1] DEBUG xyz.main - 232
2018-04-11 11:38:20.169 [Thread-1] DEBUG xyz.main - 232
2018-04-11 11:38:38.102 [main] DEBUG xyz.main - 11
2018-04-11 11:38:38.105 [main] DEBUG xyz.main - 11
2018-04-11 11:38:38.105 [main] DEBUG xyz.main - 11
2018-04-11 11:38:38.105 [main] DEBUG xyz.main - 11
2018-04-11 11:38:38.105 [main] DEBUG xyz.main - 11
2018-04-11 11:38:38.105 [main] DEBUG xyz.main - 11
2018-04-11 11:38:38.106 [main] DEBUG xyz.main - 11
2018-04-11 11:38:38.115 [Thread-1] DEBUG xyz.main - 13231
2018-04-11 11:38:38.116 [Thread-1] DEBUG xyz.main - 32
2018-04-11 11:38:38.117 [Thread-1] DEBUG xyz.main - 232
2018-04-11 11:38:38.117 [Thread-1] DEBUG xyz.main - 232
2018-04-11 11:39:09.832 [main] DEBUG xyz.main - 11
2018-04-11 11:39:09.841 [kafka-producer-network-thread | producer-1] DEBUG o.apache.kafka.clients.NetworkClient - Initialize connection to node -1 for sending metadata request
2018-04-11 11:41:12.170 [main] DEBUG xyz.main - 11
2018-04-11 11:41:12.180 [main] DEBUG xyz.main - 11
2018-04-11 11:41:12.181 [main] DEBUG xyz.main - 11
2018-04-11 11:41:12.181 [main] DEBUG xyz.main - 11
2018-04-11 11:41:12.181 [main] DEBUG xyz.main - 11
2018-04-11 11:41:12.182 [main] DEBUG xyz.main - 11
2018-04-11 11:41:12.182 [main] DEBUG xyz.main - 11
2018-04-11 11:41:12.191 [Thread-1] DEBUG xyz.main - 13231
2018-04-11 11:41:12.192 [Thread-1] DEBUG xyz.main - 32
2018-04-11 11:41:12.195 [Thread-1] DEBUG xyz.main - 232
2018-04-11 11:41:12.195 [Thread-1] DEBUG xyz.main - 232
2018-04-11 11:41:47.650 [main] DEBUG xyz.main - 11
2018-04-11 11:41:47.656 [main] DEBUG xyz.main - 11
2018-04-11 11:41:47.656 [main] DEBUG xyz.main - 11
2018-04-11 11:41:47.656 [main] DEBUG xyz.main - 11
2018-04-11 11:41:47.656 [main] DEBUG xyz.main - 11
2018-04-11 11:41:47.657 [main] DEBUG xyz.main - 11
2018-04-11 11:41:47.657 [main] DEBUG xyz.main - 11
2018-04-11 11:41:47.665 [Thread-1] DEBUG xyz.main - 13231
2018-04-11 11:41:47.668 [Thread-1] DEBUG xyz.main - 32
2018-04-11 11:41:47.669 [Thread-1] DEBUG xyz.main - 232
2018-04-11 11:41:47.669 [Thread-1] DEBUG xyz.main - 232
2018-04-11 11:42:08.350 [main] DEBUG xyz.main - 11
2018-04-11 11:42:08.354 [main] DEBUG xyz.main - 11
2018-04-11 11:42:08.355 [main] DEBUG xyz.main - 11
2018-04-11 11:42:08.355 [main] DEBUG xyz.main - 11
2018-04-11 11:42:08.356 [main] DEBUG xyz.main - 11
2018-04-11 11:42:08.356 [main] DEBUG xyz.main - 11
2018-04-11 11:42:08.356 [main] DEBUG xyz.main - 11
2018-04-11 11:42:08.364 [Thread-1] DEBUG xyz.main - 13231
2018-04-11 11:42:08.365 [Thread-1] DEBUG xyz.main - 32
2018-04-11 11:42:08.365 [Thread-1] DEBUG xyz.main - 232
2018-04-11 11:42:08.365 [Thread-1] DEBUG xyz.main - 232
2018-04-11 11:42:59.101 [main] DEBUG xyz.main - 11
2018-04-11 11:42:59.104 [main] DEBUG xyz.main - 11
2018-04-11 11:42:59.104 [main] DEBUG xyz.main - 11
2018-04-11 11:42:59.105 [main] DEBUG xyz.main - 11
2018-04-11 11:42:59.105 [main] DEBUG xyz.main - 11
2018-04-11 11:42:59.106 [main] DEBUG xyz.main - 11
2018-04-11 11:42:59.106 [main] DEBUG xyz.main - 11
2018-04-11 11:42:59.113 [Thread-1] DEBUG xyz.main - 13231
2018-04-11 11:42:59.114 [Thread-1] DEBUG xyz.main - 32
2018-04-11 11:42:59.114 [Thread-1] DEBUG xyz.main - 232
2018-04-11 11:42:59.115 [Thread-1] DEBUG xyz.main - 232
2018-04-11 11:43:12.434 [main] DEBUG xyz.main - 11
2018-04-11 11:43:12.457 [kafka-producer-network-thread | producer-1] DEBUG o.apache.kafka.clients.NetworkClient - Initialize connection to node -1 for sending metadata request
2018-04-11 11:44:12.464 [main] DEBUG o.a.k.clients.producer.KafkaProducer - Exception occurred during message send:
org.apache.kafka.common.errors.TimeoutException: Failed to update metadata after 60000 ms.
2018-04-11 11:44:12.465 [main] DEBUG xyz.main - 11
2018-04-11 11:44:33.321 [main] DEBUG xyz.main - 11
2018-04-11 11:44:33.323 [main] DEBUG xyz.main - 11
2018-04-11 11:44:33.324 [main] DEBUG xyz.main - 11
2018-04-11 11:44:33.324 [main] DEBUG xyz.main - 11
2018-04-11 11:44:33.324 [main] DEBUG xyz.main - 11
2018-04-11 11:44:33.324 [main] DEBUG xyz.main - 11
2018-04-11 11:44:33.324 [main] DEBUG xyz.main - 11
2018-04-11 11:44:33.332 [Thread-1] DEBUG xyz.main - 13231
2018-04-11 11:44:33.332 [Thread-1] DEBUG xyz.main - 32
2018-04-11 11:44:33.333 [Thread-1] DEBUG xyz.main - 232
2018-04-11 11:44:33.333 [Thread-1] DEBUG xyz.main - 232
2018-04-11 11:44:55.344 [main] DEBUG xyz.main - 11
2018-04-11 11:44:55.351 [kafka-producer-network-thread | producer-1] DEBUG o.apache.kafka.clients.NetworkClient - Initialize connection to node -1 for sending metadata request
2018-04-11 11:45:55.358 [main] DEBUG o.a.k.clients.producer.KafkaProducer - Exception occurred during message send:
org.apache.kafka.common.errors.TimeoutException: Failed to update metadata after 60000 ms.
2018-04-11 11:45:55.359 [main] DEBUG xyz.main - 11
2018-04-11 11:46:55.363 [kafka-producer-network-thread | producer-1] DEBUG o.a.k.clients.producer.KafkaProducer - Exception occurred during message send:
org.apache.kafka.common.errors.TimeoutException: Failed to update metadata after 60000 ms.
2018-04-11 11:46:55.364 [kafka-producer-network-thread | producer-1] DEBUG o.apache.kafka.clients.NetworkClient - Initiating connection to node -1 at kafka.server.com:9092.
2018-04-11 11:47:55.370 [main] DEBUG o.a.k.clients.producer.KafkaProducer - Exception occurred during message send:
org.apache.kafka.common.errors.TimeoutException: Failed to update metadata after 60000 ms.
2018-04-11 11:47:55.371 [main] DEBUG xyz.main - 11
2018-04-11 11:48:55.376 [kafka-producer-network-thread | producer-1] DEBUG o.a.k.clients.producer.KafkaProducer - Exception occurred during message send:
org.apache.kafka.common.errors.TimeoutException: Failed to update metadata after 60000 ms.
2018-04-11 11:48:55.456 [kafka-producer-network-thread | producer-1] DEBUG o.a.kafka.common.metrics.Metrics - Added sensor with name node--1.bytes-sent
2018-04-11 11:49:55.383 [main] DEBUG o.a.k.clients.producer.KafkaProducer - Exception occurred during message send:
org.apache.kafka.common.errors.TimeoutException: Failed to update metadata after 60000 ms.
2018-04-11 11:49:55.384 [main] DEBUG xyz.main - 11
2018-04-11 11:50:55.391 [kafka-producer-network-thread | producer-1] DEBUG o.a.k.clients.producer.KafkaProducer - Exception occurred during message send:
org.apache.kafka.common.errors.TimeoutException: Failed to update metadata after 60000 ms.
2018-04-11 11:50:55.395 [kafka-producer-network-thread | producer-1] DEBUG o.a.kafka.common.metrics.Metrics - Added sensor with name node--1.bytes-received
2018-04-11 11:51:39.738 [main] DEBUG xyz.main - 11
2018-04-11 11:51:39.742 [main] DEBUG xyz.main - 11
2018-04-11 11:51:39.743 [main] DEBUG xyz.main - 11
2018-04-11 11:51:39.743 [main] DEBUG xyz.main - 11
2018-04-11 11:51:39.743 [main] DEBUG xyz.main - 11
2018-04-11 11:51:39.743 [main] DEBUG xyz.main - 11
2018-04-11 11:51:39.743 [main] DEBUG xyz.main - 11
2018-04-11 11:51:39.751 [Thread-1] DEBUG xyz.main - 13231
2018-04-11 11:51:39.752 [Thread-1] DEBUG xyz.main - 32
2018-04-11 11:51:39.752 [Thread-1] DEBUG xyz.main - 232
2018-04-11 11:51:39.752 [Thread-1] DEBUG xyz.main - 232
2018-04-11 11:51:55.402 [main] DEBUG o.a.k.clients.producer.KafkaProducer - Exception occurred during message send:
org.apache.kafka.common.errors.TimeoutException: Failed to update metadata after 60000 ms.
2018-04-11 11:51:55.402 [main] DEBUG xyz.main - 11
2018-04-11 11:52:55.409 [kafka-producer-network-thread | producer-1] DEBUG o.a.k.clients.producer.KafkaProducer - Exception occurred during message send:
org.apache.kafka.common.errors.TimeoutException: Failed to update metadata after 60000 ms.
2018-04-11 11:52:55.411 [kafka-producer-network-thread | producer-1] DEBUG o.a.kafka.common.metrics.Metrics - Added sensor with name node--1.latency
2018-04-11 11:53:39.844 [main] DEBUG xyz.main - 11
2018-04-11 11:53:39.848 [main] DEBUG xyz.main - 11
2018-04-11 11:53:39.849 [main] DEBUG xyz.main - 11
2018-04-11 11:53:39.849 [main] DEBUG xyz.main - 11
2018-04-11 11:53:39.849 [main] DEBUG xyz.main - 11
2018-04-11 11:53:39.850 [main] DEBUG xyz.main - 11
2018-04-11 11:53:39.850 [main] DEBUG xyz.main - 11
2018-04-11 11:53:39.859 [Thread-1] DEBUG xyz.main - 13231
2018-04-11 11:53:39.859 [Thread-1] DEBUG xyz.main - 32
2018-04-11 11:53:39.859 [Thread-1] DEBUG xyz.main - 232
2018-04-11 11:53:39.860 [Thread-1] DEBUG xyz.main - 232
2018-04-11 11:53:55.420 [main] DEBUG o.a.k.clients.producer.KafkaProducer - Exception occurred during message send:
org.apache.kafka.common.errors.TimeoutException: Failed to update metadata after 60000 ms.
2018-04-11 11:53:55.421 [main] DEBUG xyz.main - 11
2018-04-11 11:53:59.805 [main] DEBUG xyz.main - 11
2018-04-11 11:53:59.808 [main] DEBUG xyz.main - 11
2018-04-11 11:53:59.808 [main] DEBUG xyz.main - 11
2018-04-11 11:53:59.808 [main] DEBUG xyz.main - 11
2018-04-11 11:53:59.808 [main] DEBUG xyz.main - 11
2018-04-11 11:53:59.809 [main] DEBUG xyz.main - 11
2018-04-11 11:53:59.809 [main] DEBUG xyz.main - 11
2018-04-11 11:53:59.816 [Thread-1] DEBUG xyz.main - 13231
2018-04-11 11:53:59.817 [Thread-1] DEBUG xyz.main - 32
2018-04-11 11:53:59.817 [Thread-1] DEBUG xyz.main - 232
2018-04-11 11:53:59.817 [Thread-1] DEBUG xyz.main - 232
2018-04-11 11:54:55.429 [main] DEBUG o.a.k.clients.producer.KafkaProducer - Exception occurred during message send:
org.apache.kafka.common.errors.TimeoutException: Failed to update metadata after 60000 ms.
2018-04-11 11:54:55.429 [main] DEBUG xyz.main - 11
2018-04-11 11:55:55.434 [kafka-producer-network-thread | producer-1] DEBUG o.a.k.clients.producer.KafkaProducer - Exception occurred during message send:
org.apache.kafka.common.errors.TimeoutException: Failed to update metadata after 60000 ms.
2018-04-11 11:55:55.436 [kafka-producer-network-thread | producer-1] DEBUG o.apache.kafka.clients.NetworkClient - Completed connection to node -1
2018-04-11 11:56:55.442 [main] DEBUG o.a.k.clients.producer.KafkaProducer - Exception occurred during message send:
org.apache.kafka.common.errors.TimeoutException: Failed to update metadata after 60000 ms.
2018-04-11 11:56:55.443 [Thread-1] DEBUG xyz.main - 13231
2018-04-11 11:57:55.447 [kafka-producer-network-thread | producer-1] DEBUG o.a.k.clients.producer.KafkaProducer - Exception occurred during message send:
org.apache.kafka.common.errors.TimeoutException: Failed to update metadata after 60000 ms.
2018-04-11 11:57:55.466 [kafka-producer-network-thread | producer-1] DEBUG o.apache.kafka.clients.NetworkClient - Sending metadata request {topics=[TEST_LOG]} to node -1
2018-04-11 11:58:55.451 [Thread-1] DEBUG o.a.k.clients.producer.KafkaProducer - Exception occurred during message send:
org.apache.kafka.common.errors.TimeoutException: Failed to update metadata after 60000 ms.
2018-04-11 11:58:55.451 [Thread-1] DEBUG xyz.main - 32
2018-04-11 11:59:55.458 [kafka-producer-network-thread | producer-1] DEBUG o.a.k.clients.producer.KafkaProducer - Exception occurred during message send:
org.apache.kafka.common.errors.TimeoutException: Failed to update metadata after 60000 ms.
2018-04-11 11:59:55.462 [kafka-producer-network-thread | producer-1] DEBUG o.apache.kafka.clients.NetworkClient - Disconnecting from node -1 due to request timeout.
2018-04-11 12:00:55.465 [Thread-1] DEBUG o.a.k.clients.producer.KafkaProducer - Exception occurred during message send:
org.apache.kafka.common.errors.TimeoutException: Failed to update metadata after 60000 ms.
2018-04-11 12:00:55.465 [Thread-1] DEBUG xyz.main - 232
2018-04-11 12:01:55.469 [kafka-producer-network-thread | producer-1] DEBUG o.a.k.clients.producer.KafkaProducer - Exception occurred during message send:
org.apache.kafka.common.errors.TimeoutException: Failed to update metadata after 60000 ms.
2018-04-11 12:01:55.470 [kafka-producer-network-thread | producer-1] WARN  o.apache.kafka.clients.NetworkClient - Bootstrap broker kafka.server.com:9092 disconnected
2018-04-11 12:02:55.478 [Thread-1] DEBUG o.a.k.clients.producer.KafkaProducer - Exception occurred during message send:
org.apache.kafka.common.errors.TimeoutException: Failed to update metadata after 60000 ms.
2018-04-11 12:02:55.478 [Thread-1] DEBUG xyz.main - 232
2018-04-11 12:03:55.486 [kafka-producer-network-thread | producer-1] DEBUG o.a.k.clients.producer.KafkaProducer - Exception occurred during message send:
org.apache.kafka.common.errors.TimeoutException: Failed to update metadata after 60000 ms.
2018-04-11 12:03:55.487 [kafka-producer-network-thread | producer-1] DEBUG o.apache.kafka.clients.NetworkClient - Initialize connection to node -1 for sending metadata request
2018-04-11 12:04:55.494 [Thread-1] DEBUG o.a.k.clients.producer.KafkaProducer - Exception occurred during message send:
org.apache.kafka.common.errors.TimeoutException: Failed to update metadata after 60000 ms.
